{
  errno: undefined,
  code: 'EREFUSED',
  syscall: 'querySrv',
  hostname: '_mongodb._tcp.cluster0.mzkazhr.mongodb.net',
  level: 'error',
  message: 'Failed to connect database  querySrv EREFUSED _mongodb._tcp.cluster0.mzkazhr.mongodb.net',
  stack: 'Error: querySrv EREFUSED _mongodb._tcp.cluster0.mzkazhr.mongodb.net\n' +
    '    at QueryReqWrap.onresolve [as oncomplete] (node:internal/dns/promises:251:17)',
  label: 'PH',
  timestamp: '2023-06-04T17:10:08.142Z'
}
{
  errno: undefined,
  code: 'ECONNREFUSED',
  syscall: 'querySrv',
  hostname: '_mongodb._tcp.cluster0.mzkazhr.mongodb.net',
  level: 'error',
  message: 'Failed to connect database  querySrv ECONNREFUSED _mongodb._tcp.cluster0.mzkazhr.mongodb.net',
  stack: 'Error: querySrv ECONNREFUSED _mongodb._tcp.cluster0.mzkazhr.mongodb.net\n' +
    '    at QueryReqWrap.onresolve [as oncomplete] (node:internal/dns/promises:251:17)',
  label: 'PH',
  timestamp: '2023-06-04T17:10:46.066Z'
}
{
  errno: undefined,
  code: 'ECONNREFUSED',
  syscall: 'querySrv',
  hostname: '_mongodb._tcp.cluster0.mzkazhr.mongodb.net',
  level: 'error',
  message: 'Failed to connect database  querySrv ECONNREFUSED _mongodb._tcp.cluster0.mzkazhr.mongodb.net',
  stack: 'Error: querySrv ECONNREFUSED _mongodb._tcp.cluster0.mzkazhr.mongodb.net\n' +
    '    at QueryReqWrap.onresolve [as oncomplete] (node:internal/dns/promises:251:17)',
  label: 'PH',
  timestamp: '2023-06-04T17:11:00.504Z'
}
{
  errno: undefined,
  code: 'EREFUSED',
  syscall: 'querySrv',
  hostname: '_mongodb._tcp.cluster0.mzkazhr.mongodb.net',
  level: 'error',
  message: 'Failed to connect database  querySrv EREFUSED _mongodb._tcp.cluster0.mzkazhr.mongodb.net',
  stack: 'Error: querySrv EREFUSED _mongodb._tcp.cluster0.mzkazhr.mongodb.net\n' +
    '    at QueryReqWrap.onresolve [as oncomplete] (node:internal/dns/promises:251:17)',
  label: 'PH',
  timestamp: '2023-06-04T17:21:21.251Z'
}
{
  errno: undefined,
  code: 'EREFUSED',
  syscall: 'querySrv',
  hostname: '_mongodb._tcp.cluster0.mzkazhr.mongodb.net',
  level: 'error',
  message: 'Failed to connect database  querySrv EREFUSED _mongodb._tcp.cluster0.mzkazhr.mongodb.net',
  stack: 'Error: querySrv EREFUSED _mongodb._tcp.cluster0.mzkazhr.mongodb.net\n' +
    '    at QueryReqWrap.onresolve [as oncomplete] (node:internal/dns/promises:251:17)',
  label: 'PH',
  timestamp: '2023-06-04T17:23:29.931Z'
}
